*** Starting uWSGI 2.0.18 (64bit) on [Tue Mar  5 13:54:53 2019] ***
compiled with version: 5.4.0 20160609 on 05 March 2019 03:13:25
os: Linux-4.4.0-142-generic #168-Ubuntu SMP Wed Jan 16 21:00:45 UTC 2019
nodename: ubuntu
machine: x86_64
clock source: unix
pcre jit disabled
detected number of CPU cores: 2
current working directory: /home/python/git_test/dailyfresh
writing pidfile to uwsgi2.pid
detected binary path: /home/python/.virtualenvs/py_django/bin/uwsgi
chdir() to /home/python/git_test/dailyfresh
your processes number limit is 12545
your memory page size is 4096 bytes
detected max file descriptor number: 1048576
lock engine: pthread robust mutexes
thunder lock: disabled (you can enable it with --thunder-lock)
uwsgi socket 0 bound to TCP address 127.0.0.1:8081 fd 3
Python version: 3.5.2 (default, Nov 12 2018, 13:43:14)  [GCC 5.4.0 20160609]
Set PythonHome to /home/python/.virtualenvs/py_django
Python main interpreter initialized at 0x1833610
python threads support enabled
your server socket listen backlog is limited to 100 connections
your mercy for graceful operations on workers is 60 seconds
mapped 416880 bytes (407 KB) for 8 cores
*** Operational MODE: preforking+threaded ***
WSGI app 0 (mountpoint='') ready in 1 seconds on interpreter 0x1833610 pid: 10494 (default app)
*** uWSGI is running in multiple interpreter mode ***
spawned uWSGI master process (pid: 10494)
spawned uWSGI worker 1 (pid: 10496, cores: 2)
spawned uWSGI worker 2 (pid: 10497, cores: 2)
spawned uWSGI worker 3 (pid: 10498, cores: 2)
spawned uWSGI worker 4 (pid: 10499, cores: 2)
[pid: 10496|app: 0|req: 1/1] 127.0.0.1 () {42 vars in 789 bytes} [Tue Mar  5 13:58:32 2019] GET /goods/18 => generated 8882 bytes in 996 msecs (HTTP/1.1 200) 4 headers in 224 bytes (1 switches on core 0)
设置缓存
[pid: 10497|app: 0|req: 1/2] 127.0.0.1 () {42 vars in 784 bytes} [Tue Mar  5 13:58:59 2019] GET /index => generated 13046 bytes in 965 msecs (HTTP/1.1 200) 3 headers in 102 bytes (1 switches on core 0)
